[NotebookApp | WARNING] No nbgrader_config.py file found (rerun with --debug to see where nbgrader is looking)
[NotebookApp | INFO] Loading the validate_assignment nbgrader serverextension
[NotebookApp | INFO] Serving notebooks from local directory: /Users/becca.elenzil/Documents/GitHub-teach/math_science_cs_integration
[NotebookApp | INFO] 0 active kernels 
[NotebookApp | INFO] The Jupyter Notebook is running at: http://localhost:8888/?token=88c4ce38164f60e51e46a41907a56f8b4ac9452bf3e2ab3c
[NotebookApp | INFO] Use Control-C to stop this server and shut down all kernels (twice to skip confirmation).
[NotebookApp | CRITICAL] 
    
    Copy/paste this URL into your browser when you connect for the first time,
    to login with a token:
        http://localhost:8888/?token=88c4ce38164f60e51e46a41907a56f8b4ac9452bf3e2ab3c
[NotebookApp | INFO] Accepting one-time-token-authenticated connection from ::1
[NotebookApp | WARNING] Notebook advanced-algebra/matrices.ipynb is not trusted
[NotebookApp | INFO] Kernel started: a8eea9b9-9eb8-4066-bee1-e5326d8662f2
[NotebookApp | INFO] Adapting to protocol v5.1 for kernel a8eea9b9-9eb8-4066-bee1-e5326d8662f2
[NotebookApp | INFO] Saving file at /advanced-algebra/matrices.ipynb
[NotebookApp | WARNING] Saving untrusted notebook advanced-algebra/matrices.ipynb
[NotebookApp | INFO] Saving file at /advanced-algebra/matrices.ipynb
[NotebookApp | WARNING] Saving untrusted notebook advanced-algebra/matrices.ipynb
[NotebookApp | INFO] Saving file at /advanced-algebra/matrices.ipynb
[NotebookApp | WARNING] Saving untrusted notebook advanced-algebra/matrices.ipynb
[NotebookApp | INFO] Saving file at /advanced-algebra/matrices.ipynb
[NotebookApp | WARNING] Saving untrusted notebook advanced-algebra/matrices.ipynb
[NotebookApp | INFO] Saving file at /advanced-algebra/matrices.ipynb
[NotebookApp | WARNING] Saving untrusted notebook advanced-algebra/matrices.ipynb
[NotebookApp | INFO] Saving file at /advanced-algebra/matrices.ipynb
[NotebookApp | WARNING] Saving untrusted notebook advanced-algebra/matrices.ipynb
[NotebookApp | INFO] Saving file at /advanced-algebra/matrices.ipynb
[NotebookApp | WARNING] Saving untrusted notebook advanced-algebra/matrices.ipynb
[NotebookApp | INFO] Saving file at /advanced-algebra/matrices.ipynb
[NotebookApp | WARNING] Saving untrusted notebook advanced-algebra/matrices.ipynb
[NotebookApp | INFO] Saving file at /advanced-algebra/matrices.ipynb
[NotebookApp | WARNING] Saving untrusted notebook advanced-algebra/matrices.ipynb
[NotebookApp | INFO] Saving file at /advanced-algebra/matrices.ipynb
[NotebookApp | WARNING] Saving untrusted notebook advanced-algebra/matrices.ipynb
[NotebookApp | INFO] Saving file at /advanced-algebra/matrices.ipynb
[NotebookApp | INFO] Saving file at /advanced-algebra/matrices.ipynb
[NotebookApp | INFO] Saving file at /advanced-algebra/matrices.ipynb
[NotebookApp | INFO] Saving file at /advanced-algebra/matrices.ipynb
[NotebookApp | INFO] Saving file at /advanced-algebra/matrices.ipynb
[NotebookApp | INFO] Saving file at /advanced-algebra/matrices.ipynb
[NotebookApp | INFO] Saving file at /advanced-algebra/matrices.ipynb
[NotebookApp | INFO] Saving file at /advanced-algebra/matrices.ipynb
[NotebookApp | INFO] Saving file at /advanced-algebra/matrices.ipynb
[NotebookApp | INFO] Saving file at /advanced-algebra/matrices.ipynb
[NotebookApp | INFO] Saving file at /advanced-algebra/matrices.ipynb
[NotebookApp | INFO] Saving file at /advanced-algebra/matrices.ipynb
[NotebookApp | INFO] Saving file at /advanced-algebra/matrices.ipynb
[NotebookApp | INFO] Saving file at /advanced-algebra/matrices.ipynb
[NotebookApp | INFO] Saving file at /advanced-algebra/matrices.ipynb
[NotebookApp | INFO] Saving file at /advanced-algebra/matrices.ipynb
[NotebookApp | WARNING] No nbgrader_config.py file found (rerun with --debug to see where nbgrader is looking)
[NotebookApp | INFO] Loading the validate_assignment nbgrader serverextension
[NotebookApp | INFO] Serving notebooks from local directory: /Users/becca.elenzil/Documents/GitHub-teach/math_science_cs_integration
[NotebookApp | INFO] 0 active kernels 
[NotebookApp | INFO] The Jupyter Notebook is running at: http://localhost:8888/?token=513c2c5b43b9e7bf8a69b5902217969b5ab07a2a78b4c9e3
[NotebookApp | INFO] Use Control-C to stop this server and shut down all kernels (twice to skip confirmation).
[NotebookApp | CRITICAL] 
    
    Copy/paste this URL into your browser when you connect for the first time,
    to login with a token:
        http://localhost:8888/?token=513c2c5b43b9e7bf8a69b5902217969b5ab07a2a78b4c9e3
[NotebookApp | INFO] Accepting one-time-token-authenticated connection from ::1
[NotebookApp | INFO] Creating new directory in 
[NotebookApp | WARNING] No nbgrader_config.py file found. Rerun with DEBUG log level to see where nbgrader is looking.
[NotebookApp | CRITICAL] Unwritable directory, please contact your instructor: /srv/nbgrader/exchange
[NotebookApp | ERROR] Traceback (most recent call last):
      File "/Users/becca.elenzil/anaconda3/lib/python3.6/site-packages/nbgrader/server_extensions/assignment_list/handlers.py", line 65, in list_released_assignments
        assignments = lister.start()
      File "/Users/becca.elenzil/anaconda3/lib/python3.6/site-packages/nbgrader/exchange/list.py", line 129, in start
        super(ExchangeList, self).start()
      File "/Users/becca.elenzil/anaconda3/lib/python3.6/site-packages/nbgrader/exchange/exchange.py", line 122, in start
        self.ensure_root()
      File "/Users/becca.elenzil/anaconda3/lib/python3.6/site-packages/nbgrader/exchange/exchange.py", line 100, in ensure_root
        self.fail("Unwritable directory, please contact your instructor: {}".format(self.root))
      File "/Users/becca.elenzil/anaconda3/lib/python3.6/site-packages/nbgrader/exchange/exchange.py", line 78, in fail
        raise ExchangeError(msg)
    nbgrader.exchange.exchange.ExchangeError: Unwritable directory, please contact your instructor: /srv/nbgrader/exchange
    
[NotebookApp | CRITICAL] Unwritable directory, please contact your instructor: /srv/nbgrader/exchange
[NotebookApp | CRITICAL] Unwritable directory, please contact your instructor: /srv/nbgrader/exchange
[NotebookApp | CRITICAL] Unwritable directory, please contact your instructor: /srv/nbgrader/exchange
[NotebookApp | CRITICAL] Unwritable directory, please contact your instructor: /srv/nbgrader/exchange
[NotebookApp | WARNING] 404 GET /favicon.ico (::1) 21.42ms referer=None
[NotebookApp | WARNING] delete /Untitled Folder
[NotebookApp | INFO] Creating new directory in 
[NotebookApp | WARNING] No such file or directory: Untitled Folder
[NotebookApp | WARNING] 404 GET /api/contents/Untitled%20Folder?type=directory&_=1514747609696 (::1) 10.28ms referer=http://localhost:8888/tree/Untitled%20Folder
[NotebookApp | INFO] New terminal with automatic name: 1
[NotebookApp | WARNING] No nbgrader_config.py file found (rerun with --debug to see where nbgrader is looking)
[NotebookApp | INFO] Loading the validate_assignment nbgrader serverextension
[NotebookApp | INFO] Serving notebooks from local directory: /Users/becca.elenzil/Documents/GitHub-teach/math_science_cs_integration
[NotebookApp | INFO] 0 active kernels 
[NotebookApp | INFO] The Jupyter Notebook is running at: http://localhost:8888/?token=72be22dc3e873d3099710384a096a4a6d0eb9786c8b8b752
[NotebookApp | INFO] Use Control-C to stop this server and shut down all kernels (twice to skip confirmation).
[NotebookApp | CRITICAL] 
    
    Copy/paste this URL into your browser when you connect for the first time,
    to login with a token:
        http://localhost:8888/?token=72be22dc3e873d3099710384a096a4a6d0eb9786c8b8b752
[NotebookApp | INFO] Accepting one-time-token-authenticated connection from ::1
[NotebookApp | WARNING] No nbgrader_config.py file found (rerun with --debug to see where nbgrader is looking)
[NotebookApp | INFO] Loading the validate_assignment nbgrader serverextension
[NotebookApp | INFO] Serving notebooks from local directory: /Users/becca.elenzil/Documents/GitHub-teach/math_science_cs_integration
[NotebookApp | INFO] 0 active kernels 
[NotebookApp | INFO] The Jupyter Notebook is running at: http://localhost:8888/?token=c9fa4d7e93c03c0bbceda28f855b1bae564c91aa2f2826f8
[NotebookApp | INFO] Use Control-C to stop this server and shut down all kernels (twice to skip confirmation).
[NotebookApp | CRITICAL] 
    
    Copy/paste this URL into your browser when you connect for the first time,
    to login with a token:
        http://localhost:8888/?token=c9fa4d7e93c03c0bbceda28f855b1bae564c91aa2f2826f8
[NotebookApp | INFO] Accepting one-time-token-authenticated connection from ::1
[NotebookApp | INFO] Creating new notebook in /advanced-calculus
[NotebookApp | INFO] Kernel started: e7c1cca2-b902-412e-9d32-6e2eee010c32
[NotebookApp | INFO] Adapting to protocol v5.1 for kernel e7c1cca2-b902-412e-9d32-6e2eee010c32
[NotebookApp | INFO] Saving file at /advanced-calculus/rectangle-integration.ipynb
[NotebookApp | INFO] Saving file at /advanced-calculus/rectangle-integration.ipynb
[NotebookApp | WARNING] 404 GET /https://www.google.com/url?sa=i&rct=j&q=&esrc=s&source=images&cd=&ved=0ahUKEwjz5bHH-7TYAhUM7GMKHcMDBpoQjRwIBw&url=http%3A%2F%2Ftutorial.math.lamar.edu%2FClasses%2FCalcI%2FAreaProblem.aspx&psig=AOvVaw3IYM5BWNMx3zlhv-BPvBfY&ust=1514834252487832 (::1) 31.09ms referer=http://localhost:8888/notebooks/advanced-calculus/rectangle-integration.ipynb
[NotebookApp | INFO] Saving file at /advanced-calculus/rectangle-integration.ipynb
[NotebookApp | INFO] Saving file at /advanced-calculus/rectangle-integration.ipynb
[NotebookApp | INFO] Saving file at /advanced-calculus/rectangle-integration.ipynb
[NotebookApp | INFO] Saving file at /advanced-calculus/rectangle-integration.ipynb
[NotebookApp | INFO] Saving file at /advanced-calculus/rectangle-integration.ipynb
[NotebookApp | INFO] Saving file at /advanced-calculus/rectangle-integration.ipynb
[NotebookApp | INFO] Saving file at /advanced-calculus/rectangle-integration.ipynb
[NotebookApp | INFO] Saving file at /advanced-calculus/rectangle-integration.ipynb
[NotebookApp | INFO] Saving file at /advanced-calculus/rectangle-integration.ipynb
[NotebookApp | INFO] Saving file at /advanced-calculus/rectangle-integration.ipynb
[NotebookApp | INFO] Saving file at /advanced-calculus/rectangle-integration.ipynb
[NotebookApp | INFO] Saving file at /advanced-calculus/rectangle-integration.ipynb
[NotebookApp | INFO] Saving file at /advanced-calculus/rectangle-integration.ipynb
[NotebookApp | WARNING] 404 GET /nbconvert/html/advanced-calculus/custom.css (::1): No such file or directory: advanced-calculus/custom.css
[NotebookApp | WARNING] 404 GET /nbconvert/html/advanced-calculus/custom.css (::1) 19.71ms referer=http://localhost:8888/nbconvert/html/advanced-calculus/rectangle-integration.ipynb?download=false
[NotebookApp | WARNING] 404 GET /nbconvert/html/advanced-calculus/custom.css (::1): No such file or directory: advanced-calculus/custom.css
[NotebookApp | WARNING] 404 GET /nbconvert/html/advanced-calculus/custom.css (::1) 11.65ms referer=http://localhost:8888/nbconvert/html/advanced-calculus/rectangle-integration.ipynb?download=false
[NotebookApp | WARNING] 404 GET /favicon.ico (::1) 3.97ms referer=None
