[NotebookApp | WARNING] No nbgrader_config.py file found (rerun with --debug to see where nbgrader is looking)
[NotebookApp | INFO] Loading the validate_assignment nbgrader serverextension
[NotebookApp | INFO] Serving notebooks from local directory: /Users/becca.elenzil/Documents/GitHub-teach/math_science_cs_integration/biology
[NotebookApp | INFO] 0 active kernels 
[NotebookApp | INFO] The Jupyter Notebook is running at: http://localhost:8889/?token=326b3d44a5bc10143c9a53072944e24ce3875f7647274ea2
[NotebookApp | INFO] Use Control-C to stop this server and shut down all kernels (twice to skip confirmation).
[NotebookApp | CRITICAL] 
    
    Copy/paste this URL into your browser when you connect for the first time,
    to login with a token:
        http://localhost:8889/?token=326b3d44a5bc10143c9a53072944e24ce3875f7647274ea2
[NotebookApp | INFO] Accepting one-time-token-authenticated connection from ::1
[NotebookApp | INFO] Creating new notebook in 
[NotebookApp | INFO] Kernel started: 6ebd2055-249a-4753-afd8-41d6f17c17eb
[NotebookApp | INFO] Adapting to protocol v5.1 for kernel 6ebd2055-249a-4753-afd8-41d6f17c17eb
[NotebookApp | INFO] Saving file at /hardy-weinberg-tutorial.ipynb
[NotebookApp | INFO] Saving file at /hardy-weinberg-tutorial.ipynb
[NotebookApp | INFO] Saving file at /hardy-weinberg-tutorial.ipynb
[NotebookApp | INFO] Saving file at /hardy-weinberg-tutorial.ipynb
[NotebookApp | INFO] Saving file at /hardy-weinberg-tutorial.ipynb
[NotebookApp | INFO] Saving file at /hardy-weinberg-tutorial.ipynb
[NotebookApp | INFO] Saving file at /hardy-weinberg-tutorial.ipynb
[NotebookApp | INFO] Saving file at /hardy-weinberg-tutorial.ipynb
[NotebookApp | INFO] Saving file at /hardy-weinberg-tutorial.ipynb
[NotebookApp | INFO] Saving file at /hardy-weinberg-tutorial.ipynb
[NotebookApp | INFO] Saving file at /hardy-weinberg-tutorial.ipynb
[NotebookApp | INFO] Saving file at /hardy-weinberg-tutorial.ipynb
[NotebookApp | INFO] Saving file at /hardy-weinberg-tutorial.ipynb
[NotebookApp | INFO] Saving file at /hardy-weinberg-tutorial.ipynb
[NotebookApp | INFO] Saving file at /hardy-weinberg-tutorial.ipynb
[NotebookApp | INFO] Saving file at /hardy-weinberg-tutorial.ipynb
[NotebookApp | INFO] Saving file at /hardy-weinberg-tutorial.ipynb
[NotebookApp | INFO] Saving file at /hardy-weinberg-tutorial.ipynb
[NotebookApp | INFO] Saving file at /hardy-weinberg-tutorial.ipynb
[NotebookApp | INFO] Saving file at /hardy-weinberg-tutorial.ipynb
[NotebookApp | INFO] Saving file at /hardy-weinberg-tutorial.ipynb
[NotebookApp | INFO] Saving file at /hardy-weinberg-tutorial.ipynb
[NotebookApp | INFO] Saving file at /hardy-weinberg-tutorial.ipynb
[NotebookApp | INFO] Saving file at /hardy-weinberg-tutorial.ipynb
[NotebookApp | INFO] Saving file at /hardy-weinberg-tutorial.ipynb
[NotebookApp | INFO] Saving file at /hardy-weinberg-tutorial.ipynb
[NotebookApp | INFO] Saving file at /hardy-weinberg-tutorial.ipynb
[NotebookApp | INFO] Saving file at /hardy-weinberg-tutorial.ipynb
[NotebookApp | INFO] Saving file at /hardy-weinberg-tutorial.ipynb
[NotebookApp | INFO] Saving file at /hardy-weinberg-tutorial.ipynb
[NotebookApp | INFO] Saving file at /hardy-weinberg-tutorial.ipynb
[NotebookApp | INFO] Saving file at /hardy-weinberg-tutorial.ipynb
[NotebookApp | INFO] Saving file at /hardy-weinberg-tutorial.ipynb
[NotebookApp | INFO] Saving file at /hardy-weinberg-tutorial.ipynb
[NotebookApp | WARNING] No nbgrader_config.py file found (rerun with --debug to see where nbgrader is looking)
[NotebookApp | INFO] Loading the validate_assignment nbgrader serverextension
[NotebookApp | INFO] Serving notebooks from local directory: /Users/becca.elenzil/Documents/GitHub-teach/math_science_cs_integration/biology
[NotebookApp | INFO] 0 active kernels 
[NotebookApp | INFO] The Jupyter Notebook is running at: http://localhost:8888/?token=4eb7ab8492d17347e6f8140f83dabd1b9b75d2e84353427c
[NotebookApp | INFO] Use Control-C to stop this server and shut down all kernels (twice to skip confirmation).
[NotebookApp | CRITICAL] 
    
    Copy/paste this URL into your browser when you connect for the first time,
    to login with a token:
        http://localhost:8888/?token=4eb7ab8492d17347e6f8140f83dabd1b9b75d2e84353427c
[NotebookApp | INFO] Accepting one-time-token-authenticated connection from ::1
[NotebookApp | WARNING] No nbgrader_config.py file found (rerun with --debug to see where nbgrader is looking)
[NotebookApp | INFO] Loading the validate_assignment nbgrader serverextension
[NotebookApp | INFO] Serving notebooks from local directory: /Users/becca.elenzil/Documents/GitHub-teach/math_science_cs_integration/biology
[NotebookApp | INFO] 0 active kernels 
[NotebookApp | INFO] The Jupyter Notebook is running at: http://localhost:8888/?token=9981e1968e2185f25d8d2593b4299461af18262b6ecfa827
[NotebookApp | INFO] Use Control-C to stop this server and shut down all kernels (twice to skip confirmation).
[NotebookApp | CRITICAL] 
    
    Copy/paste this URL into your browser when you connect for the first time,
    to login with a token:
        http://localhost:8888/?token=9981e1968e2185f25d8d2593b4299461af18262b6ecfa827
[NotebookApp | INFO] Accepting one-time-token-authenticated connection from ::1
[NotebookApp | INFO] Kernel started: 782b8149-b99b-4f56-84ab-55ec69b7259b
[NotebookApp | INFO] Adapting to protocol v5.1 for kernel 782b8149-b99b-4f56-84ab-55ec69b7259b
[NotebookApp | INFO] Saving file at /hardy-weinberg-tutorial.ipynb
[NotebookApp | INFO] Saving file at /hardy-weinberg-tutorial.ipynb
[NotebookApp | INFO] Saving file at /hardy-weinberg-tutorial.ipynb
[NotebookApp | INFO] Saving file at /hardy-weinberg-tutorial.ipynb
[NotebookApp | INFO] Creating new notebook in 
[NotebookApp | INFO] Kernel started: d3083edd-5451-4651-b399-9d4959686391
[NotebookApp | INFO] Adapting to protocol v5.1 for kernel d3083edd-5451-4651-b399-9d4959686391
[NotebookApp | INFO] Saving file at /sequence-of-partial-sums.ipynb
[NotebookApp | INFO] Saving file at /sequence-of-partial-sums.ipynb
[NotebookApp | INFO] Saving file at /sequence-of-partial-sums.ipynb
[NotebookApp | INFO] Saving file at /sequence-of-partial-sums.ipynb
[NotebookApp | INFO] Saving file at /sequence-of-partial-sums.ipynb
[NotebookApp | INFO] Kernel interrupted: d3083edd-5451-4651-b399-9d4959686391
[NotebookApp | INFO] Kernel interrupted: d3083edd-5451-4651-b399-9d4959686391
[NotebookApp | INFO] Kernel interrupted: d3083edd-5451-4651-b399-9d4959686391
[NotebookApp | INFO] Saving file at /sequence-of-partial-sums.ipynb
[NotebookApp | INFO] Kernel interrupted: d3083edd-5451-4651-b399-9d4959686391
[NotebookApp | INFO] Saving file at /sequence-of-partial-sums.ipynb
[NotebookApp | INFO] Saving file at /sequence-of-partial-sums.ipynb
[NotebookApp | INFO] Saving file at /sequence-of-partial-sums.ipynb
[NotebookApp | INFO] Saving file at /sequence-of-partial-sums.ipynb
[NotebookApp | INFO] Saving file at /sequence-of-partial-sums.ipynb
[NotebookApp | INFO] Saving file at /sequence-of-partial-sums.ipynb
[NotebookApp | INFO] Saving file at /sequence-of-partial-sums.ipynb
[NotebookApp | INFO] Saving file at /sequence-of-partial-sums.ipynb
[NotebookApp | INFO] Saving file at /sequence-of-partial-sums.ipynb
[NotebookApp | INFO] Saving file at /sequence-of-partial-sums.ipynb
[NotebookApp | INFO] Saving file at /sequence-of-partial-sums.ipynb
[NotebookApp | INFO] Kernel interrupted: d3083edd-5451-4651-b399-9d4959686391
[NotebookApp | INFO] Saving file at /sequence-of-partial-sums.ipynb
[NotebookApp | INFO] Saving file at /sequence-of-partial-sums.ipynb
[NotebookApp | WARNING] No nbgrader_config.py file found (rerun with --debug to see where nbgrader is looking)
[NotebookApp | INFO] Loading the validate_assignment nbgrader serverextension
[NotebookApp | INFO] Serving notebooks from local directory: /Users/becca.elenzil/Documents/GitHub-teach/math_science_cs_integration/biology
[NotebookApp | INFO] 0 active kernels 
[NotebookApp | INFO] The Jupyter Notebook is running at: http://localhost:8889/?token=ac2ec05f7b45bc83b888bf21d20fab1ac1216c3fd92368ec
[NotebookApp | INFO] Use Control-C to stop this server and shut down all kernels (twice to skip confirmation).
[NotebookApp | CRITICAL] 
    
    Copy/paste this URL into your browser when you connect for the first time,
    to login with a token:
        http://localhost:8889/?token=ac2ec05f7b45bc83b888bf21d20fab1ac1216c3fd92368ec
[NotebookApp | INFO] Accepting one-time-token-authenticated connection from ::1
[NotebookApp | INFO] Kernel started: 1a6f8470-5cae-4eab-b00e-c7221e9239b3
[NotebookApp | INFO] Adapting to protocol v5.1 for kernel 1a6f8470-5cae-4eab-b00e-c7221e9239b3
[NotebookApp | WARNING] No nbgrader_config.py file found (rerun with --debug to see where nbgrader is looking)
[NotebookApp | INFO] Loading the validate_assignment nbgrader serverextension
[NotebookApp | INFO] Serving notebooks from local directory: /Users/becca.elenzil/Documents/GitHub-teach/math_science_cs_integration/biology
[NotebookApp | INFO] 0 active kernels 
[NotebookApp | INFO] The Jupyter Notebook is running at: http://localhost:8888/?token=6de877202a678040032b0ddc15dd4b82122732c845030572
[NotebookApp | INFO] Use Control-C to stop this server and shut down all kernels (twice to skip confirmation).
[NotebookApp | CRITICAL] 
    
    Copy/paste this URL into your browser when you connect for the first time,
    to login with a token:
        http://localhost:8888/?token=6de877202a678040032b0ddc15dd4b82122732c845030572
[NotebookApp | INFO] Accepting one-time-token-authenticated connection from ::1
[NotebookApp | INFO] Kernel started: fcde653e-d72a-45f3-8c84-cc06fa262f79
[NotebookApp | INFO] Adapting to protocol v5.1 for kernel fcde653e-d72a-45f3-8c84-cc06fa262f79
[NotebookApp | INFO] Saving file at /hardy-weinberg-tutorial.ipynb
