[NotebookApp | WARNING] No nbgrader_config.py file found (rerun with --debug to see where nbgrader is looking)
[NotebookApp | INFO] Loading the validate_assignment nbgrader serverextension
[NotebookApp | INFO] Serving notebooks from local directory: /Users/becca.elenzil/Documents/GitHub-teach/math_science_cs_integration/chemistry
[NotebookApp | INFO] 0 active kernels 
[NotebookApp | INFO] The Jupyter Notebook is running at: http://localhost:8888/?token=40cd66113e0b0cb69378f44f0cfe21665f41c42209fabf83
[NotebookApp | INFO] Use Control-C to stop this server and shut down all kernels (twice to skip confirmation).
[NotebookApp | CRITICAL] 
    
    Copy/paste this URL into your browser when you connect for the first time,
    to login with a token:
        http://localhost:8888/?token=40cd66113e0b0cb69378f44f0cfe21665f41c42209fabf83
[NotebookApp | INFO] Accepting one-time-token-authenticated connection from ::1
[NotebookApp | INFO] Kernel started: 70ddf3ee-04aa-439c-a5a6-07f3222652db
[NotebookApp | INFO] Adapting to protocol v5.1 for kernel 70ddf3ee-04aa-439c-a5a6-07f3222652db
[NotebookApp | INFO] Saving file at /Stoichiometry.ipynb
[NotebookApp | INFO] Saving file at /Stoichiometry.ipynb
[NotebookApp | INFO] Saving file at /Stoichiometry.ipynb
[NotebookApp | INFO] Saving file at /Stoichiometry.ipynb
[NotebookApp | INFO] Saving file at /Stoichiometry.ipynb
[NotebookApp | INFO] Saving file at /Stoichiometry.ipynb
[NotebookApp | INFO] Saving file at /Stoichiometry.ipynb
[NotebookApp | INFO] Saving file at /Stoichiometry.ipynb
[NotebookApp | INFO] Saving file at /Stoichiometry.ipynb
[NotebookApp | INFO] Saving file at /Stoichiometry.ipynb
[NotebookApp | INFO] Kernel interrupted: 70ddf3ee-04aa-439c-a5a6-07f3222652db
[NotebookApp | INFO] Saving file at /Stoichiometry.ipynb
[NotebookApp | INFO] Saving file at /Stoichiometry.ipynb
[NotebookApp | INFO] Saving file at /Stoichiometry.ipynb
[NotebookApp | INFO] Saving file at /Stoichiometry.ipynb
[NotebookApp | INFO] Saving file at /Stoichiometry.ipynb
[NotebookApp | INFO] Saving file at /Stoichiometry.ipynb
[NotebookApp | INFO] Saving file at /Stoichiometry.ipynb
[NotebookApp | INFO] Saving file at /Stoichiometry.ipynb
[NotebookApp | INFO] Kernel interrupted: 70ddf3ee-04aa-439c-a5a6-07f3222652db
[NotebookApp | INFO] Saving file at /Stoichiometry.ipynb
[NotebookApp | INFO] Saving file at /Stoichiometry.ipynb
[NotebookApp | INFO] Saving file at /Stoichiometry.ipynb
[NotebookApp | INFO] Saving file at /Stoichiometry.ipynb
[NotebookApp | INFO] Saving file at /Stoichiometry.ipynb
[NotebookApp | INFO] Saving file at /Stoichiometry.ipynb
[NotebookApp | INFO] Saving file at /Stoichiometry.ipynb
[NotebookApp | INFO] Saving file at /Stoichiometry.ipynb
[NotebookApp | INFO] Saving file at /Stoichiometry.ipynb
[NotebookApp | INFO] Saving file at /Stoichiometry.ipynb
[NotebookApp | WARNING] No nbgrader_config.py file found (rerun with --debug to see where nbgrader is looking)
[NotebookApp | INFO] Loading the validate_assignment nbgrader serverextension
[NotebookApp | INFO] Serving notebooks from local directory: /Users/becca.elenzil/Documents/GitHub-teach/math_science_cs_integration/chemistry
[NotebookApp | INFO] 0 active kernels 
[NotebookApp | INFO] The Jupyter Notebook is running at: http://localhost:8888/?token=8b6789acc92bf2c09e85615f2117a29bb3cd0e0c3a2711dd
[NotebookApp | INFO] Use Control-C to stop this server and shut down all kernels (twice to skip confirmation).
[NotebookApp | CRITICAL] 
    
    Copy/paste this URL into your browser when you connect for the first time,
    to login with a token:
        http://localhost:8888/?token=8b6789acc92bf2c09e85615f2117a29bb3cd0e0c3a2711dd
[NotebookApp | INFO] Accepting one-time-token-authenticated connection from ::1
[NotebookApp | INFO] Kernel started: 16d12af5-72aa-41db-827b-e3df49ed6e73
[NotebookApp | INFO] Adapting to protocol v5.1 for kernel 16d12af5-72aa-41db-827b-e3df49ed6e73
[NotebookApp | INFO] Saving file at /Stoichiometry.ipynb
[NotebookApp | INFO] Saving file at /Stoichiometry.ipynb
[NotebookApp | INFO] Saving file at /Stoichiometry.ipynb
[NotebookApp | INFO] Saving file at /Stoichiometry.ipynb
[NotebookApp | INFO] Kernel interrupted: 16d12af5-72aa-41db-827b-e3df49ed6e73
[NotebookApp | INFO] Saving file at /Stoichiometry.ipynb
[NotebookApp | INFO] Saving file at /Stoichiometry.ipynb
[NotebookApp | INFO] Saving file at /Stoichiometry.ipynb
[NotebookApp | INFO] Saving file at /Stoichiometry.ipynb
[NotebookApp | INFO] Kernel interrupted: 16d12af5-72aa-41db-827b-e3df49ed6e73
[NotebookApp | INFO] Kernel interrupted: 16d12af5-72aa-41db-827b-e3df49ed6e73
[NotebookApp | INFO] Saving file at /Stoichiometry.ipynb
[NotebookApp | INFO] Saving file at /Stoichiometry.ipynb
[NotebookApp | INFO] Saving file at /Stoichiometry.ipynb
[NotebookApp | INFO] Saving file at /Stoichiometry.ipynb
[NotebookApp | WARNING] No nbgrader_config.py file found (rerun with --debug to see where nbgrader is looking)
[NotebookApp | INFO] Loading the validate_assignment nbgrader serverextension
[NotebookApp | INFO] Serving notebooks from local directory: /Users/becca.elenzil/Documents/GitHub-teach/math_science_cs_integration/chemistry
[NotebookApp | INFO] 0 active kernels 
[NotebookApp | INFO] The Jupyter Notebook is running at: http://localhost:8888/?token=735ed5b8888007a310ed71b6ff37fd926efed757d833f2c7
[NotebookApp | INFO] Use Control-C to stop this server and shut down all kernels (twice to skip confirmation).
[NotebookApp | CRITICAL] 
    
    Copy/paste this URL into your browser when you connect for the first time,
    to login with a token:
        http://localhost:8888/?token=735ed5b8888007a310ed71b6ff37fd926efed757d833f2c7
[NotebookApp | INFO] Accepting one-time-token-authenticated connection from ::1
[NotebookApp | INFO] Kernel started: c179c129-cf4d-4084-ab33-0601b18647ea
[NotebookApp | INFO] Adapting to protocol v5.1 for kernel c179c129-cf4d-4084-ab33-0601b18647ea
[NotebookApp | INFO] Saving file at /Stoichiometry.ipynb
[NotebookApp | INFO] Saving file at /Stoichiometry.ipynb
[NotebookApp | INFO] Saving file at /Stoichiometry.ipynb
[NotebookApp | INFO] Saving file at /Stoichiometry.ipynb
[NotebookApp | INFO] Saving file at /Stoichiometry.ipynb
[NotebookApp | INFO] Saving file at /Stoichiometry.ipynb
[NotebookApp | INFO] Saving file at /Stoichiometry.ipynb
[NotebookApp | INFO] Saving file at /Stoichiometry.ipynb
[NotebookApp | INFO] Saving file at /Stoichiometry.ipynb
[NotebookApp | INFO] Saving file at /Stoichiometry.ipynb
[NotebookApp | INFO] Saving file at /Stoichiometry.ipynb
[NotebookApp | INFO] Saving file at /Stoichiometry.ipynb
[NotebookApp | INFO] Saving file at /Stoichiometry.ipynb
[NotebookApp | INFO] Saving file at /Stoichiometry.ipynb
[NotebookApp | INFO] Saving file at /Stoichiometry.ipynb
