[NotebookApp | WARNING] No nbgrader_config.py file found (rerun with --debug to see where nbgrader is looking)
[NotebookApp | INFO] Loading the validate_assignment nbgrader serverextension
[NotebookApp | INFO] Serving notebooks from local directory: /Users/becca.elenzil/Documents/GitHub-teach/math_science_cs_integration/advanced-calculus
[NotebookApp | INFO] 0 active kernels 
[NotebookApp | INFO] The Jupyter Notebook is running at: http://localhost:8888/?token=c942ca09cf8ade6a85ca3f4315b2ceb6f593521db65a2211
[NotebookApp | INFO] Use Control-C to stop this server and shut down all kernels (twice to skip confirmation).
[NotebookApp | CRITICAL] 
    
    Copy/paste this URL into your browser when you connect for the first time,
    to login with a token:
        http://localhost:8888/?token=c942ca09cf8ade6a85ca3f4315b2ceb6f593521db65a2211
[NotebookApp | INFO] Accepting one-time-token-authenticated connection from ::1
[NotebookApp | INFO] Kernel started: b564668e-478e-409b-b3e7-786a24a06f45
[NotebookApp | INFO] Adapting to protocol v5.1 for kernel b564668e-478e-409b-b3e7-786a24a06f45
[NotebookApp | INFO] Saving file at /rectangle-integration.ipynb
[NotebookApp | INFO] Saving file at /rectangle-integration.ipynb
[NotebookApp | INFO] Saving file at /rectangle-integration.ipynb
[NotebookApp | INFO] Saving file at /rectangle-integration.ipynb
[NotebookApp | INFO] Saving file at /rectangle-integration.ipynb
[NotebookApp | INFO] Saving file at /rectangle-integration.ipynb
[NotebookApp | INFO] Saving file at /rectangle-integration.ipynb
[NotebookApp | INFO] Saving file at /rectangle-integration.ipynb
[NotebookApp | INFO] Saving file at /rectangle-integration.ipynb
[NotebookApp | INFO] Saving file at /rectangle-integration.ipynb
[NotebookApp | INFO] Saving file at /rectangle-integration.ipynb
[NotebookApp | INFO] Saving file at /rectangle-integration.ipynb
[NotebookApp | INFO] Saving file at /rectangle-integration.ipynb
[NotebookApp | INFO] Saving file at /rectangle-integration.ipynb
[NotebookApp | CRITICAL] Unwritable directory, please contact your instructor: /srv/nbgrader/exchange
[NotebookApp | CRITICAL] Unwritable directory, please contact your instructor: /srv/nbgrader/exchange
[NotebookApp | CRITICAL] Unwritable directory, please contact your instructor: /srv/nbgrader/exchange
[NotebookApp | CRITICAL] Unwritable directory, please contact your instructor: /srv/nbgrader/exchange
[NotebookApp | INFO] Saving file at /rectangle-integration-tutorial.ipynb
[NotebookApp | INFO] Saving file at /rectangle-integration-tutorial.ipynb
[NotebookApp | INFO] Saving file at /rectangle-integration-tutorial.ipynb
[NotebookApp | INFO] Saving file at /rectangle-integration-tutorial.ipynb
[NotebookApp | INFO] Saving file at /rectangle-integration-tutorial.ipynb
[NotebookApp | INFO] Saving file at /rectangle-integration-tutorial.ipynb
[NotebookApp | INFO] Saving file at /rectangle-integration-tutorial.ipynb
[NotebookApp | INFO] Kernel interrupted: b564668e-478e-409b-b3e7-786a24a06f45
[NotebookApp | INFO] Saving file at /rectangle-integration-tutorial.ipynb
[NotebookApp | INFO] Saving file at /rectangle-integration-tutorial.ipynb
[NotebookApp | INFO] Saving file at /rectangle-integration-tutorial.ipynb
[NotebookApp | INFO] Saving file at /rectangle-integration-tutorial.ipynb
[NotebookApp | INFO] Saving file at /rectangle-integration-tutorial.ipynb
[NotebookApp | INFO] Saving file at /rectangle-integration-tutorial.ipynb
[NotebookApp | WARNING] No nbgrader_config.py file found (rerun with --debug to see where nbgrader is looking)
[NotebookApp | INFO] Loading the validate_assignment nbgrader serverextension
[NotebookApp | INFO] Serving notebooks from local directory: /Users/becca.elenzil/Documents/GitHub-teach/math_science_cs_integration/advanced-calculus
[NotebookApp | INFO] 0 active kernels 
[NotebookApp | INFO] The Jupyter Notebook is running at: http://localhost:8888/?token=aa74daa97ba3167732ab897d82ba57c5eb012e76ad084102
[NotebookApp | INFO] Use Control-C to stop this server and shut down all kernels (twice to skip confirmation).
[NotebookApp | CRITICAL] 
    
    Copy/paste this URL into your browser when you connect for the first time,
    to login with a token:
        http://localhost:8888/?token=aa74daa97ba3167732ab897d82ba57c5eb012e76ad084102
[NotebookApp | INFO] Accepting one-time-token-authenticated connection from ::1
[NotebookApp | INFO] Kernel started: 21bcb81d-524a-45bc-9f33-0c2f68809c43
[NotebookApp | INFO] Adapting to protocol v5.1 for kernel 21bcb81d-524a-45bc-9f33-0c2f68809c43
[NotebookApp | WARNING] 404 GET /api/kernels/b564668e-478e-409b-b3e7-786a24a06f45/channels?session_id=A7C15D05656343C7964E08EAB27269F4 (::1): Kernel does not exist: b564668e-478e-409b-b3e7-786a24a06f45
[NotebookApp | WARNING] 404 GET /api/kernels/b564668e-478e-409b-b3e7-786a24a06f45/channels?session_id=A7C15D05656343C7964E08EAB27269F4 (::1) 23.29ms referer=None
[NotebookApp | WARNING] Replacing stale connection: b564668e-478e-409b-b3e7-786a24a06f45:A7C15D05656343C7964E08EAB27269F4
[NotebookApp | WARNING] Replacing stale connection: b564668e-478e-409b-b3e7-786a24a06f45:A7C15D05656343C7964E08EAB27269F4
[NotebookApp | INFO] Creating new notebook in 
[NotebookApp | INFO] Kernel started: 46bc85a2-83de-44bd-b67b-e32d142b6f59
[NotebookApp | INFO] Adapting to protocol v5.1 for kernel 46bc85a2-83de-44bd-b67b-e32d142b6f59
[NotebookApp | INFO] Saving file at /rectangle-integration-initials.ipynb
[NotebookApp | INFO] Saving file at /rectangle-integration-initials.ipynb
[NotebookApp | INFO] Adapting to protocol v5.1 for kernel 21bcb81d-524a-45bc-9f33-0c2f68809c43
[NotebookApp | INFO] Saving file at /rectangle-integration-initials.ipynb
[NotebookApp | WARNING] No nbgrader_config.py file found. Rerun with DEBUG log level to see where nbgrader is looking.
[NotebookApp | CRITICAL] Unwritable directory, please contact your instructor: /srv/nbgrader/exchange
[NotebookApp | ERROR] Traceback (most recent call last):
      File "/Users/becca.elenzil/anaconda3/lib/python3.6/site-packages/nbgrader/server_extensions/assignment_list/handlers.py", line 65, in list_released_assignments
        assignments = lister.start()
      File "/Users/becca.elenzil/anaconda3/lib/python3.6/site-packages/nbgrader/exchange/list.py", line 129, in start
        super(ExchangeList, self).start()
      File "/Users/becca.elenzil/anaconda3/lib/python3.6/site-packages/nbgrader/exchange/exchange.py", line 122, in start
        self.ensure_root()
      File "/Users/becca.elenzil/anaconda3/lib/python3.6/site-packages/nbgrader/exchange/exchange.py", line 100, in ensure_root
        self.fail("Unwritable directory, please contact your instructor: {}".format(self.root))
      File "/Users/becca.elenzil/anaconda3/lib/python3.6/site-packages/nbgrader/exchange/exchange.py", line 78, in fail
        raise ExchangeError(msg)
    nbgrader.exchange.exchange.ExchangeError: Unwritable directory, please contact your instructor: /srv/nbgrader/exchange
    
[NotebookApp | CRITICAL] Unwritable directory, please contact your instructor: /srv/nbgrader/exchange
[NotebookApp | CRITICAL] Unwritable directory, please contact your instructor: /srv/nbgrader/exchange
[NotebookApp | CRITICAL] Unwritable directory, please contact your instructor: /srv/nbgrader/exchange
[NotebookApp | CRITICAL] Unwritable directory, please contact your instructor: /srv/nbgrader/exchange
[NotebookApp | CRITICAL] Unwritable directory, please contact your instructor: /srv/nbgrader/exchange
[NotebookApp | CRITICAL] Unwritable directory, please contact your instructor: /srv/nbgrader/exchange
[NotebookApp | CRITICAL] Unwritable directory, please contact your instructor: /srv/nbgrader/exchange
[NotebookApp | CRITICAL] Unwritable directory, please contact your instructor: /srv/nbgrader/exchange
[NotebookApp | INFO] Saving file at /rectangle-integration-initials.ipynb
[NotebookApp | WARNING] No nbgrader_config.py file found (rerun with --debug to see where nbgrader is looking)
[NotebookApp | INFO] Loading the validate_assignment nbgrader serverextension
[NotebookApp | INFO] Serving notebooks from local directory: /Users/becca.elenzil/Documents/GitHub-teach/math_science_cs_integration/advanced-calculus
[NotebookApp | INFO] 0 active kernels 
[NotebookApp | INFO] The Jupyter Notebook is running at: http://localhost:8888/?token=bbb07dca742c7c955fbd89999b24c1d009b5a01f753c56bc
[NotebookApp | INFO] Use Control-C to stop this server and shut down all kernels (twice to skip confirmation).
[NotebookApp | CRITICAL] 
    
    Copy/paste this URL into your browser when you connect for the first time,
    to login with a token:
        http://localhost:8888/?token=bbb07dca742c7c955fbd89999b24c1d009b5a01f753c56bc
[NotebookApp | INFO] Accepting one-time-token-authenticated connection from ::1
[NotebookApp | INFO] Kernel started: 26bae576-2922-4947-a81b-4702dd69bbe6
[NotebookApp | INFO] Adapting to protocol v5.1 for kernel 26bae576-2922-4947-a81b-4702dd69bbe6
[NotebookApp | INFO] Saving file at /rectangle-integration-tutorial.ipynb
[NotebookApp | INFO] Kernel started: 5c627c03-bad8-45aa-a92d-c194eaba1e73
[NotebookApp | INFO] Adapting to protocol v5.1 for kernel 5c627c03-bad8-45aa-a92d-c194eaba1e73
[NotebookApp | INFO] Saving file at /rectangle-integration-initials.ipynb
[NotebookApp | INFO] Saving file at /rectangle-integration-name.ipynb
[NotebookApp | WARNING] No nbgrader_config.py file found (rerun with --debug to see where nbgrader is looking)
[NotebookApp | INFO] Loading the validate_assignment nbgrader serverextension
[NotebookApp | INFO] Serving notebooks from local directory: /Users/becca.elenzil/Documents/GitHub-teach/math_science_cs_integration/advanced-calculus
[NotebookApp | INFO] 0 active kernels 
[NotebookApp | INFO] The Jupyter Notebook is running at: http://localhost:8888/?token=260f0507d4b3fdfe12bedd2078777a8c3eec4d98c12699a7
[NotebookApp | INFO] Use Control-C to stop this server and shut down all kernels (twice to skip confirmation).
[NotebookApp | CRITICAL] 
    
    Copy/paste this URL into your browser when you connect for the first time,
    to login with a token:
        http://localhost:8888/?token=260f0507d4b3fdfe12bedd2078777a8c3eec4d98c12699a7
[NotebookApp | WARNING] 404 GET /api/kernels/5c627c03-bad8-45aa-a92d-c194eaba1e73/channels?session_id=0F4F235ADE0E47CEAE02020569CCEC30 (::1): Kernel does not exist: 5c627c03-bad8-45aa-a92d-c194eaba1e73
[NotebookApp | WARNING] 404 GET /api/kernels/5c627c03-bad8-45aa-a92d-c194eaba1e73/channels?session_id=0F4F235ADE0E47CEAE02020569CCEC30 (::1) 70.46ms referer=None
[NotebookApp | INFO] Accepting one-time-token-authenticated connection from ::1
[NotebookApp | INFO] Kernel started: 85317d97-3671-485c-9a0e-045b5d563891
[NotebookApp | INFO] Adapting to protocol v5.1 for kernel 85317d97-3671-485c-9a0e-045b5d563891
[NotebookApp | INFO] Saving file at /rectangle-integration-tutorial.ipynb
[NotebookApp | INFO] Saving file at /rectangle-integration-tutorial.ipynb
[NotebookApp | WARNING] Notebook rectangle-integration-tutorial.ipynb is not trusted
[NotebookApp | INFO] Adapting to protocol v5.1 for kernel 85317d97-3671-485c-9a0e-045b5d563891
[NotebookApp | INFO] Saving file at /rectangle-integration-tutorial.ipynb
[NotebookApp | WARNING] Saving untrusted notebook rectangle-integration-tutorial.ipynb
[NotebookApp | INFO] Kernel started: c29cb3fa-e917-4db8-989f-2fe45d2d7f57
[NotebookApp | INFO] Adapting to protocol v5.1 for kernel c29cb3fa-e917-4db8-989f-2fe45d2d7f57
[NotebookApp | WARNING] No nbgrader_config.py file found (rerun with --debug to see where nbgrader is looking)
[NotebookApp | INFO] Loading the validate_assignment nbgrader serverextension
[NotebookApp | INFO] Serving notebooks from local directory: /Users/becca.elenzil/Documents/GitHub-teach/math_science_cs_integration/advanced-calculus
[NotebookApp | INFO] 0 active kernels 
[NotebookApp | INFO] The Jupyter Notebook is running at: http://localhost:8888/?token=db808dc40bec4a26133236b6ecd353b5bf15bd6b30db0aaf
[NotebookApp | INFO] Use Control-C to stop this server and shut down all kernels (twice to skip confirmation).
[NotebookApp | CRITICAL] 
    
    Copy/paste this URL into your browser when you connect for the first time,
    to login with a token:
        http://localhost:8888/?token=db808dc40bec4a26133236b6ecd353b5bf15bd6b30db0aaf
[NotebookApp | INFO] Accepting one-time-token-authenticated connection from ::1
[NotebookApp | WARNING] Notebook rectangle-integration-tutorial.ipynb is not trusted
[NotebookApp | INFO] Kernel started: 46e7c5bc-daaf-496f-a32c-2e71ca1f9ad6
[NotebookApp | INFO] Adapting to protocol v5.1 for kernel 46e7c5bc-daaf-496f-a32c-2e71ca1f9ad6
[NotebookApp | INFO] Saving file at /rectangle-integration-tutorial.ipynb
[NotebookApp | WARNING] Saving untrusted notebook rectangle-integration-tutorial.ipynb
[NotebookApp | INFO] Saving file at /rectangle-integration-tutorial.ipynb
[NotebookApp | WARNING] Saving untrusted notebook rectangle-integration-tutorial.ipynb
[NotebookApp | INFO] Saving file at /rectangle-integration-tutorial.ipynb
[NotebookApp | WARNING] Saving untrusted notebook rectangle-integration-tutorial.ipynb
[NotebookApp | INFO] Saving file at /rectangle-integration-tutorial.ipynb
[NotebookApp | WARNING] Saving untrusted notebook rectangle-integration-tutorial.ipynb
[NotebookApp | INFO] Saving file at /rectangle-integration-tutorial.ipynb
[NotebookApp | WARNING] Saving untrusted notebook rectangle-integration-tutorial.ipynb
[NotebookApp | INFO] Saving file at /rectangle-integration-tutorial.ipynb
[NotebookApp | WARNING] Saving untrusted notebook rectangle-integration-tutorial.ipynb
[NotebookApp | INFO] Saving file at /rectangle-integration-tutorial.ipynb
[NotebookApp | WARNING] Saving untrusted notebook rectangle-integration-tutorial.ipynb
[NotebookApp | INFO] Saving file at /rectangle-integration-tutorial.ipynb
[NotebookApp | WARNING] Saving untrusted notebook rectangle-integration-tutorial.ipynb
[NotebookApp | INFO] Saving file at /rectangle-integration-tutorial.ipynb
[NotebookApp | WARNING] Saving untrusted notebook rectangle-integration-tutorial.ipynb
[NotebookApp | INFO] Saving file at /rectangle-integration-tutorial.ipynb
[NotebookApp | WARNING] Saving untrusted notebook rectangle-integration-tutorial.ipynb
[NotebookApp | INFO] Saving file at /rectangle-integration-tutorial.ipynb
[NotebookApp | INFO] Saving file at /rectangle-integration-tutorial.ipynb
[NotebookApp | INFO] Saving file at /rectangle-integration-tutorial.ipynb
[NotebookApp | INFO] Saving file at /rectangle-integration-tutorial.ipynb
[NotebookApp | INFO] Saving file at /rectangle-integration-tutorial.ipynb
[NotebookApp | INFO] Saving file at /rectangle-integration-tutorial.ipynb
[NotebookApp | INFO] Saving file at /rectangle-integration-tutorial.ipynb
[NotebookApp | INFO] Saving file at /rectangle-integration-tutorial.ipynb
[NotebookApp | INFO] Saving file at /rectangle-integration-tutorial.ipynb
[NotebookApp | INFO] Saving file at /rectangle-integration-tutorial.ipynb
[NotebookApp | INFO] Saving file at /rectangle-integration-tutorial.ipynb
[NotebookApp | INFO] Saving file at /rectangle-integration-tutorial.ipynb
[NotebookApp | INFO] Saving file at /rectangle-integration-tutorial.ipynb
[NotebookApp | INFO] Saving file at /rectangle-integration-tutorial.ipynb
[NotebookApp | INFO] Saving file at /rectangle-integration-tutorial.ipynb
[NotebookApp | INFO] New terminal with automatic name: 1
[NotebookApp | INFO] Creating new notebook in 
[NotebookApp | INFO] Kernel started: b821abc5-9d67-4d5e-8222-d3c36886c840
[NotebookApp | INFO] Adapting to protocol v5.1 for kernel b821abc5-9d67-4d5e-8222-d3c36886c840
[NotebookApp | INFO] Saving file at /reimann-sums.ipynb
[NotebookApp | INFO] Adapting to protocol v5.1 for kernel 46e7c5bc-daaf-496f-a32c-2e71ca1f9ad6
[NotebookApp | INFO] Saving file at /reimann-sums.ipynb
[NotebookApp | INFO] Saving file at /reimann-sums.ipynb
[NotebookApp | INFO] Saving file at /reimann-sums.ipynb
[NotebookApp | INFO] Saving file at /reimann-sums.ipynb
[NotebookApp | INFO] Saving file at /reimann-sums.ipynb
[NotebookApp | INFO] Saving file at /reimann-sums.ipynb
[NotebookApp | INFO] Saving file at /reimann-sums.ipynb
[NotebookApp | INFO] Saving file at /reimann-sums.ipynb
[NotebookApp | INFO] Saving file at /reimann-sums.ipynb
[NotebookApp | INFO] Saving file at /reimann-sums.ipynb
[NotebookApp | INFO] Saving file at /reimann-sums.ipynb
[NotebookApp | INFO] Saving file at /reimann-sums.ipynb
[NotebookApp | INFO] Saving file at /reimann-sums.ipynb
[NotebookApp | INFO] Saving file at /reimann-sums.ipynb
[NotebookApp | INFO] Saving file at /reimann-sums.ipynb
[NotebookApp | INFO] Saving file at /reimann-sums.ipynb
[NotebookApp | INFO] Saving file at /reimann-sums.ipynb
[NotebookApp | INFO] Saving file at /reimann-sums.ipynb
[NotebookApp | INFO] Saving file at /reimann-sums.ipynb
[NotebookApp | INFO] Saving file at /reimann-sums.ipynb
[NotebookApp | INFO] Saving file at /reimann-sums.ipynb
[NotebookApp | INFO] Adapting to protocol v5.1 for kernel b821abc5-9d67-4d5e-8222-d3c36886c840
[NotebookApp | INFO] Saving file at /reimann-sums.ipynb
[NotebookApp | INFO] Adapting to protocol v5.1 for kernel b821abc5-9d67-4d5e-8222-d3c36886c840
[NotebookApp | INFO] Saving file at /reimann-sums.ipynb
[NotebookApp | WARNING] No nbgrader_config.py file found (rerun with --debug to see where nbgrader is looking)
[NotebookApp | INFO] Loading the validate_assignment nbgrader serverextension
[NotebookApp | INFO] Serving notebooks from local directory: /Users/becca.elenzil/Documents/GitHub-teach/math_science_cs_integration/advanced-calculus
[NotebookApp | INFO] 0 active kernels 
[NotebookApp | INFO] The Jupyter Notebook is running at: http://localhost:8889/?token=f074d7bcdf07a28842883c7e3c1462a6ede120017b940f86
[NotebookApp | INFO] Use Control-C to stop this server and shut down all kernels (twice to skip confirmation).
[NotebookApp | CRITICAL] 
    
    Copy/paste this URL into your browser when you connect for the first time,
    to login with a token:
        http://localhost:8889/?token=f074d7bcdf07a28842883c7e3c1462a6ede120017b940f86
[NotebookApp | INFO] Accepting one-time-token-authenticated connection from ::1
[NotebookApp | WARNING] Notebook reimann-sums.ipynb is not trusted
[NotebookApp | INFO] Kernel started: ab15648c-4498-4795-b637-f680ef2bcee1
[NotebookApp | INFO] Adapting to protocol v5.1 for kernel ab15648c-4498-4795-b637-f680ef2bcee1
[NotebookApp | INFO] Kernel started: ac313bbe-8865-4b07-97df-9a3c351218b1
[NotebookApp | INFO] Adapting to protocol v5.1 for kernel ac313bbe-8865-4b07-97df-9a3c351218b1
[NotebookApp | INFO] Saving file at /reimann-sums.ipynb
[NotebookApp | INFO] Saving file at /reimann-sums.ipynb
[NotebookApp | INFO] Saving file at /reimann-sums.ipynb
[NotebookApp | INFO] Saving file at /reimann-sums.ipynb
[NotebookApp | INFO] Saving file at /reimann-sums.ipynb
[NotebookApp | INFO] Saving file at /reimann-sums.ipynb
[NotebookApp | INFO] Saving file at /reimann-sums.ipynb
[NotebookApp | INFO] Saving file at /reimann-sums.ipynb
